-- The C compiler identification is GNU 11.3.0
-- The CXX compiler identification is GNU 11.3.0
-- Detecting C compiler ABI info
-- Detecting C compiler ABI info - done
-- Check for working C compiler: /usr/bin/cc - skipped
-- Detecting C compile features
-- Detecting C compile features - done
-- Detecting CXX compiler ABI info
-- Detecting CXX compiler ABI info - done
-- Check for working CXX compiler: /usr/bin/c++ - skipped
-- Detecting CXX compile features
-- Detecting CXX compile features - done
-- Found ament_cmake: 1.3.2 (/opt/ros/humble/share/ament_cmake/cmake)
-- Found Python3: /usr/bin/python3.10 (found version "3.10.6") found components: Interpreter 
-- Found rclcpp: 16.0.1 (/opt/ros/humble/share/rclcpp/cmake)
-- Found rosidl_generator_c: 3.1.3 (/opt/ros/humble/share/rosidl_generator_c/cmake)
-- Found rosidl_adapter: 3.1.3 (/opt/ros/humble/share/rosidl_adapter/cmake)
-- Found rosidl_generator_cpp: 3.1.3 (/opt/ros/humble/share/rosidl_generator_cpp/cmake)
-- Using all available rosidl_typesupport_c: rosidl_typesupport_fastrtps_c;rosidl_typesupport_introspection_c
-- Using all available rosidl_typesupport_cpp: rosidl_typesupport_fastrtps_cpp;rosidl_typesupport_introspection_cpp
-- Found rmw_implementation_cmake: 6.1.0 (/opt/ros/humble/share/rmw_implementation_cmake/cmake)
-- Found rmw_fastrtps_cpp: 6.2.1 (/opt/ros/humble/share/rmw_fastrtps_cpp/cmake)
-- Found OpenSSL: /usr/lib/x86_64-linux-gnu/libcrypto.so (found version "3.0.2")  
-- Found FastRTPS: /opt/ros/humble/include  
-- Using RMW implementation 'rmw_fastrtps_cpp' as default
-- Found ament_lint_auto: 0.12.4 (/opt/ros/humble/share/ament_lint_auto/cmake)
WARNING: Package name "cpp_joystickSubscriber" does not follow the naming conventions. It should start with a lower case letter and only contain lower case letters, digits, underscores, and dashes.
-- Added test 'cppcheck' to perform static code analysis on C / C++ code
-- Configured cppcheck include dirs: 
-- Configured cppcheck exclude dirs and/or files: 
-- Added test 'lint_cmake' to check CMake code style
-- Added test 'uncrustify' to check C / C++ code style
-- Configured uncrustify additional arguments: 
-- Added test 'xmllint' to check XML markup files
-- Configuring done
-- Generating done
-- Build files have been written to: /home/gt7219b/ros2_ws/src/joystickSubscriber_git/cpp_joystickSubscriber/build/cpp_joystickSubscriber
[ 37%] [32mBuilding CXX object CMakeFiles/talker.dir/src/publisher_member_function.cpp.o[0m
[ 37%] [32mBuilding CXX object CMakeFiles/talker2.dir/src/publisher_member_function2.cpp.o[0m
[ 50%] [32mBuilding CXX object CMakeFiles/listener.dir/src/subscriber_member_function.cpp.o[0m
[ 37%] [32mBuilding CXX object CMakeFiles/listener2.dir/src/subscriber_member_function2.cpp.o[0m
[01m[K/home/gt7219b/ros2_ws/src/joystickSubscriber_git/cpp_joystickSubscriber/src/subscriber_member_function2.cpp:[m[K In function â€˜[01m[Kint main(int, char**)[m[Kâ€™:
[01m[K/home/gt7219b/ros2_ws/src/joystickSubscriber_git/cpp_joystickSubscriber/src/subscriber_member_function2.cpp:47:33:[m[K [01;31m[Kerror: [m[Kâ€˜[01m[KMinimalSubscriber[m[Kâ€™ was not declared in this scope; did you mean â€˜[01m[KMinimalSubscriber2[m[Kâ€™?
   47 |   rclcpp::spin(std::make_shared<[01;31m[KMinimalSubscriber[m[K>());
      |                                 [01;31m[K^~~~~~~~~~~~~~~~~[m[K
      |                                 [32m[KMinimalSubscriber2[m[K
[01m[K/home/gt7219b/ros2_ws/src/joystickSubscriber_git/cpp_joystickSubscriber/src/subscriber_member_function2.cpp:47:51:[m[K [01;31m[Kerror: [m[Kno matching function for call to â€˜[01m[Kmake_shared<<expression error> >()[m[Kâ€™
   47 |   rclcpp::spin([01;31m[Kstd::make_shared<MinimalSubscriber>()[m[K);
      |                [01;31m[K~~~~~~~~~~~~~~~~~~~~~~~~~~~~~~~~~~~^~[m[K
In file included from [01m[K/usr/include/c++/11/memory:77[m[K,
                 from [01m[K/home/gt7219b/ros2_ws/src/joystickSubscriber_git/cpp_joystickSubscriber/src/subscriber_member_function2.cpp:16[m[K:
[01m[K/usr/include/c++/11/bits/shared_ptr.h:875:5:[m[K [01;36m[Knote: [m[Kcandidate: â€˜[01m[Ktemplate<class _Tp, class ... _Args> std::shared_ptr<_Tp> std::make_shared(_Args&& ...)[m[Kâ€™
  875 |     [01;36m[Kmake_shared[m[K(_Args&&... __args)
      |     [01;36m[K^~~~~~~~~~~[m[K
[01m[K/usr/include/c++/11/bits/shared_ptr.h:875:5:[m[K [01;36m[Knote: [m[K  template argument deduction/substitution failed:
[01m[K/home/gt7219b/ros2_ws/src/joystickSubscriber_git/cpp_joystickSubscriber/src/subscriber_member_function2.cpp:47:51:[m[K [01;31m[Kerror: [m[Ktemplate argument 1 is invalid
   47 |   rclcpp::spin([01;31m[Kstd::make_shared<MinimalSubscriber>()[m[K);
      |                [01;31m[K~~~~~~~~~~~~~~~~~~~~~~~~~~~~~~~~~~~^~[m[K
[ 62%] [32m[1mLinking CXX executable talker[0m
[ 75%] [32m[1mLinking CXX executable talker2[0m
gmake[2]: *** [CMakeFiles/listener2.dir/build.make:76: CMakeFiles/listener2.dir/src/subscriber_member_function2.cpp.o] Error 1
gmake[1]: *** [CMakeFiles/Makefile2:221: CMakeFiles/listener2.dir/all] Error 2
gmake[1]: *** Waiting for unfinished jobs....
[ 75%] Built target talker
[ 75%] Built target talker2
[ 87%] [32m[1mLinking CXX executable listener[0m
[ 87%] Built target listener
gmake: *** [Makefile:146: all] Error 2
