[0.078s] Invoking command in '/home/gt7219b/ros2_ws/src/joystickSubscriber_git/cpp_joystickSubscriber/build/cpp_joystickSubscriber': CMAKE_PREFIX_PATH=/opt/ros/humble /usr/bin/cmake /home/gt7219b/ros2_ws/src/joystickSubscriber_git/cpp_joystickSubscriber -DCMAKE_INSTALL_PREFIX=/home/gt7219b/ros2_ws/src/joystickSubscriber_git/cpp_joystickSubscriber/install/cpp_joystickSubscriber
[1.371s] -- The C compiler identification is GNU 11.3.0
[1.963s] -- The CXX compiler identification is GNU 11.3.0
[2.021s] -- Detecting C compiler ABI info
[2.206s] -- Detecting C compiler ABI info - done
[2.219s] -- Check for working C compiler: /usr/bin/cc - skipped
[2.220s] -- Detecting C compile features
[2.236s] -- Detecting C compile features - done
[2.245s] -- Detecting CXX compiler ABI info
[2.366s] -- Detecting CXX compiler ABI info - done
[2.377s] -- Check for working CXX compiler: /usr/bin/c++ - skipped
[2.377s] -- Detecting CXX compile features
[2.378s] -- Detecting CXX compile features - done
[2.467s] -- Found ament_cmake: 1.3.2 (/opt/ros/humble/share/ament_cmake/cmake)
[2.792s] -- Found Python3: /usr/bin/python3.10 (found version "3.10.6") found components: Interpreter 
[3.011s] -- Found rclcpp: 16.0.1 (/opt/ros/humble/share/rclcpp/cmake)
[3.273s] -- Found rosidl_generator_c: 3.1.3 (/opt/ros/humble/share/rosidl_generator_c/cmake)
[3.298s] -- Found rosidl_adapter: 3.1.3 (/opt/ros/humble/share/rosidl_adapter/cmake)
[3.313s] -- Found rosidl_generator_cpp: 3.1.3 (/opt/ros/humble/share/rosidl_generator_cpp/cmake)
[3.372s] -- Using all available rosidl_typesupport_c: rosidl_typesupport_fastrtps_c;rosidl_typesupport_introspection_c
[3.422s] -- Using all available rosidl_typesupport_cpp: rosidl_typesupport_fastrtps_cpp;rosidl_typesupport_introspection_cpp
[3.559s] -- Found rmw_implementation_cmake: 6.1.0 (/opt/ros/humble/share/rmw_implementation_cmake/cmake)
[3.564s] -- Found rmw_fastrtps_cpp: 6.2.1 (/opt/ros/humble/share/rmw_fastrtps_cpp/cmake)
[3.862s] -- Found OpenSSL: /usr/lib/x86_64-linux-gnu/libcrypto.so (found version "3.0.2")  
[3.927s] -- Found FastRTPS: /opt/ros/humble/include  
[4.000s] -- Using RMW implementation 'rmw_fastrtps_cpp' as default
[4.302s] -- Found ament_lint_auto: 0.12.4 (/opt/ros/humble/share/ament_lint_auto/cmake)
[4.414s] WARNING: Package name "cpp_joystickSubscriber" does not follow the naming conventions. It should start with a lower case letter and only contain lower case letters, digits, underscores, and dashes.
[4.497s] -- Added test 'cppcheck' to perform static code analysis on C / C++ code
[4.497s] -- Configured cppcheck include dirs: 
[4.497s] -- Configured cppcheck exclude dirs and/or files: 
[4.500s] -- Added test 'lint_cmake' to check CMake code style
[4.506s] -- Added test 'uncrustify' to check C / C++ code style
[4.506s] -- Configured uncrustify additional arguments: 
[4.507s] -- Added test 'xmllint' to check XML markup files
[4.509s] -- Configuring done
[4.574s] -- Generating done
[4.578s] -- Build files have been written to: /home/gt7219b/ros2_ws/src/joystickSubscriber_git/cpp_joystickSubscriber/build/cpp_joystickSubscriber
[4.591s] Invoked command in '/home/gt7219b/ros2_ws/src/joystickSubscriber_git/cpp_joystickSubscriber/build/cpp_joystickSubscriber' returned '0': CMAKE_PREFIX_PATH=/opt/ros/humble /usr/bin/cmake /home/gt7219b/ros2_ws/src/joystickSubscriber_git/cpp_joystickSubscriber -DCMAKE_INSTALL_PREFIX=/home/gt7219b/ros2_ws/src/joystickSubscriber_git/cpp_joystickSubscriber/install/cpp_joystickSubscriber
[4.595s] Invoking command in '/home/gt7219b/ros2_ws/src/joystickSubscriber_git/cpp_joystickSubscriber/build/cpp_joystickSubscriber': CMAKE_PREFIX_PATH=/opt/ros/humble /usr/bin/cmake --build /home/gt7219b/ros2_ws/src/joystickSubscriber_git/cpp_joystickSubscriber/build/cpp_joystickSubscriber -- -j4 -l4
[4.651s] [ 37%] [32mBuilding CXX object CMakeFiles/talker.dir/src/publisher_member_function.cpp.o[0m
[4.652s] [ 37%] [32mBuilding CXX object CMakeFiles/talker2.dir/src/publisher_member_function2.cpp.o[0m
[4.652s] [ 50%] [32mBuilding CXX object CMakeFiles/listener.dir/src/subscriber_member_function.cpp.o[0m
[4.652s] [ 37%] [32mBuilding CXX object CMakeFiles/listener2.dir/src/subscriber_member_function2.cpp.o[0m
[8.691s] [01m[K/home/gt7219b/ros2_ws/src/joystickSubscriber_git/cpp_joystickSubscriber/src/subscriber_member_function2.cpp:[m[K In function â€˜[01m[Kint main(int, char**)[m[Kâ€™:
[8.692s] [01m[K/home/gt7219b/ros2_ws/src/joystickSubscriber_git/cpp_joystickSubscriber/src/subscriber_member_function2.cpp:47:33:[m[K [01;31m[Kerror: [m[Kâ€˜[01m[KMinimalSubscriber[m[Kâ€™ was not declared in this scope; did you mean â€˜[01m[KMinimalSubscriber2[m[Kâ€™?
[8.692s]    47 |   rclcpp::spin(std::make_shared<[01;31m[KMinimalSubscriber[m[K>());
[8.692s]       |                                 [01;31m[K^~~~~~~~~~~~~~~~~[m[K
[8.692s]       |                                 [32m[KMinimalSubscriber2[m[K
[8.695s] [01m[K/home/gt7219b/ros2_ws/src/joystickSubscriber_git/cpp_joystickSubscriber/src/subscriber_member_function2.cpp:47:51:[m[K [01;31m[Kerror: [m[Kno matching function for call to â€˜[01m[Kmake_shared<<expression error> >()[m[Kâ€™
[8.695s]    47 |   rclcpp::spin([01;31m[Kstd::make_shared<MinimalSubscriber>()[m[K);
[8.695s]       |                [01;31m[K~~~~~~~~~~~~~~~~~~~~~~~~~~~~~~~~~~~^~[m[K
[8.696s] In file included from [01m[K/usr/include/c++/11/memory:77[m[K,
[8.696s]                  from [01m[K/home/gt7219b/ros2_ws/src/joystickSubscriber_git/cpp_joystickSubscriber/src/subscriber_member_function2.cpp:16[m[K:
[8.696s] [01m[K/usr/include/c++/11/bits/shared_ptr.h:875:5:[m[K [01;36m[Knote: [m[Kcandidate: â€˜[01m[Ktemplate<class _Tp, class ... _Args> std::shared_ptr<_Tp> std::make_shared(_Args&& ...)[m[Kâ€™
[8.696s]   875 |     [01;36m[Kmake_shared[m[K(_Args&&... __args)
[8.696s]       |     [01;36m[K^~~~~~~~~~~[m[K
[8.696s] [01m[K/usr/include/c++/11/bits/shared_ptr.h:875:5:[m[K [01;36m[Knote: [m[K  template argument deduction/substitution failed:
[8.696s] [01m[K/home/gt7219b/ros2_ws/src/joystickSubscriber_git/cpp_joystickSubscriber/src/subscriber_member_function2.cpp:47:51:[m[K [01;31m[Kerror: [m[Ktemplate argument 1 is invalid
[8.696s]    47 |   rclcpp::spin([01;31m[Kstd::make_shared<MinimalSubscriber>()[m[K);
[8.696s]       |                [01;31m[K~~~~~~~~~~~~~~~~~~~~~~~~~~~~~~~~~~~^~[m[K
[12.039s] [ 62%] [32m[1mLinking CXX executable talker[0m
[12.099s] [ 75%] [32m[1mLinking CXX executable talker2[0m
[12.340s] gmake[2]: *** [CMakeFiles/listener2.dir/build.make:76: CMakeFiles/listener2.dir/src/subscriber_member_function2.cpp.o] Error 1
[12.340s] gmake[1]: *** [CMakeFiles/Makefile2:221: CMakeFiles/listener2.dir/all] Error 2
[12.340s] gmake[1]: *** Waiting for unfinished jobs....
[12.857s] [ 75%] Built target talker
[12.859s] [ 75%] Built target talker2
[16.848s] [ 87%] [32m[1mLinking CXX executable listener[0m
[17.302s] [ 87%] Built target listener
[17.303s] gmake: *** [Makefile:146: all] Error 2
[17.307s] Invoked command in '/home/gt7219b/ros2_ws/src/joystickSubscriber_git/cpp_joystickSubscriber/build/cpp_joystickSubscriber' returned '2': CMAKE_PREFIX_PATH=/opt/ros/humble /usr/bin/cmake --build /home/gt7219b/ros2_ws/src/joystickSubscriber_git/cpp_joystickSubscriber/build/cpp_joystickSubscriber -- -j4 -l4
